<?xml version="1.0" encoding="UTF-8"?>
<robot generator="Robot 6.1.1 (Python 3.11.4 on linux)" generated="20230809 18:32:28.932" rpa="false" schemaversion="4">
<suite id="s1" name="AllCases" source="/home/afzhal-ahmed-s/PycharmProjects/RobotAPI automation/AllCases">
<suite id="s1-s1" name="Get Delete" source="/home/afzhal-ahmed-s/PycharmProjects/RobotAPI automation/AllCases/Get_Delete">
<suite id="s1-s1-s1" name="TC 002 Get Request with ID" source="/home/afzhal-ahmed-s/PycharmProjects/RobotAPI automation/AllCases/Get_Delete/TC_002_Get_Request_with_ID.robot">
<test id="s1-s1-s1-t1" name="TC_002_Fetch_Student_details_by_ID_2" line="33">
<kw name="Create Session" library="RequestsLibrary">
<arg>FetchData</arg>
<arg>${Base_URL}</arg>
<doc>Create Session: create a HTTP session to a server</doc>
<msg timestamp="20230809 18:32:29.450" level="INFO">Creating Session using : alias=FetchData, url=http://www.testingworldapi.com/, headers={},                     cookies={}, auth=None, timeout=None, proxies=None, verify=False,                     debug=0 </msg>
<status status="PASS" starttime="20230809 18:32:29.449" endtime="20230809 18:32:29.451"/>
</kw>
<kw name="GET On Session" library="RequestsLibrary">
<var>${response}</var>
<arg>FetchData</arg>
<arg>api/sudentDetails/${Student_ID}</arg>
<doc>Sends a GET request on a previously created HTTP Session.</doc>
<msg timestamp="20230809 18:32:32.407" level="INFO">GET Request : url=http://www.testingworldapi.com/api/sudentDetails/2 (redirected) 
 path_url=/api/sudentDetails/2 
 headers={'User-Agent': 'python-requests/2.31.0', 'Accept-Encoding': 'gzip, deflate', 'Accept': '*/*', 'Connection': 'keep-alive'} 
 body=None 
 </msg>
<msg timestamp="20230809 18:32:32.408" level="INFO">GET Response : url=http://ww1.testingworldapi.com/?sub1=00d05148-36b5-11ee-bc9d-75899d824a9b 
 status=403, reason=Forbidden 
 headers={'date': 'Wed, 09 Aug 2023 13:02:34 GMT', 'content-type': 'text/html', 'transfer-encoding': 'chunked', 'vary': 'Accept-Encoding', 'server': 'NginX', 'content-encoding': 'gzip'} 
 body=&lt;html&gt;
&lt;head&gt;&lt;title&gt;403 Forbidden&lt;/title&gt;&lt;/head&gt;
&lt;body&gt;
&lt;center&gt;&lt;h1&gt;403 Forbidden&lt;/h1&gt;&lt;/center&gt;
&lt;hr&gt;&lt;center&gt;openresty&lt;/center&gt;
&lt;/body&gt;
&lt;/html&gt;
 
 </msg>
<msg timestamp="20230809 18:32:32.409" level="FAIL">HTTPError: 403 Client Error: Forbidden for url: http://ww1.testingworldapi.com/?sub1=00d05148-36b5-11ee-bc9d-75899d824a9b</msg>
<status status="FAIL" starttime="20230809 18:32:29.452" endtime="20230809 18:32:32.414"/>
</kw>
<kw name="Convert To String" library="BuiltIn">
<var>${actual_response_code}</var>
<arg>${response.status_code}</arg>
<doc>Converts the given item to a Unicode string.</doc>
<status status="NOT RUN" starttime="20230809 18:32:32.415" endtime="20230809 18:32:32.416"/>
</kw>
<kw name="Log To Console" library="BuiltIn">
<arg>${Base_URL}</arg>
<doc>Logs the given message to the console.</doc>
<status status="NOT RUN" starttime="20230809 18:32:32.416" endtime="20230809 18:32:32.416"/>
</kw>
<kw name="Log To Console" library="BuiltIn">
<arg>${response.content}</arg>
<doc>Logs the given message to the console.</doc>
<status status="NOT RUN" starttime="20230809 18:32:32.417" endtime="20230809 18:32:32.417"/>
</kw>
<kw name="Should Be Equal" library="BuiltIn">
<arg>${actual_response_code}</arg>
<arg>200</arg>
<doc>Fails if the given objects are unequal.</doc>
<status status="NOT RUN" starttime="20230809 18:32:32.418" endtime="20230809 18:32:32.418"/>
</kw>
<tag>Hi</tag>
<status status="FAIL" starttime="20230809 18:32:29.447" endtime="20230809 18:32:32.419">HTTPError: 403 Client Error: Forbidden for url: http://ww1.testingworldapi.com/?sub1=00d05148-36b5-11ee-bc9d-75899d824a9b</status>
</test>
<status status="FAIL" starttime="20230809 18:32:29.007" endtime="20230809 18:32:32.422"/>
</suite>
<status status="FAIL" starttime="20230809 18:32:29.001" endtime="20230809 18:32:32.426"/>
</suite>
<status status="FAIL" starttime="20230809 18:32:28.934" endtime="20230809 18:32:32.431"/>
</suite>
<statistics>
<total>
<stat pass="0" fail="1" skip="0">All Tests</stat>
</total>
<tag>
<stat pass="0" fail="1" skip="0">Hi</stat>
</tag>
<suite>
<stat pass="0" fail="1" skip="0" id="s1" name="AllCases">AllCases</stat>
<stat pass="0" fail="1" skip="0" id="s1-s1" name="Get Delete">AllCases.Get Delete</stat>
<stat pass="0" fail="1" skip="0" id="s1-s1-s1" name="TC 002 Get Request with ID">AllCases.Get Delete.TC 002 Get Request with ID</stat>
</suite>
</statistics>
<errors>
</errors>
</robot>
